<?xml version="1.0" encoding="UTF-8"?>
<!-- Generated by org.testng.reporters.JUnitXMLReporter -->
<testsuite hostname="DESKTOP-4TP4098" ignored="0" name="Test" tests="6" failures="0" timestamp="16 Mar 2019 07:55:47 GMT" time="0.069" errors="0">
  <testcase name="test1" time="0.007" classname="scripts.testng.TestNGConfig1"/>
  <testcase name="test2" time="0.002" classname="scripts.testng.TestNGConfig1"/>
  <testcase name="test3" time="0.002" classname="scripts.testng.TestNGConfig1"/>
  <testcase name="test1" time="0.001" classname="scripts.testng.TestNgConfig2"/>
  <testcase name="test2" time="0.002" classname="scripts.testng.TestNgConfig2"/>
  <testcase name="test3" time="0.006" classname="scripts.testng.TestNgConfig2"/>
</testsuite> <!-- Test -->
